Traceback (most recent call last):
  File "/usr/lib/python2.7/runpy.py", line 162, in _run_module_as_main
    "__main__", fname, loader, pkg_name)
  File "/usr/lib/python2.7/runpy.py", line 72, in _run_code
    exec code in run_globals
  File "/usr/lib/python2.7/SimpleHTTPServer.py", line 220, in <module>
    test()
  File "/usr/lib/python2.7/SimpleHTTPServer.py", line 216, in test
    BaseHTTPServer.test(HandlerClass, ServerClass)
  File "/usr/lib/python2.7/BaseHTTPServer.py", line 595, in test
    httpd = ServerClass(server_address, HandlerClass)
  File "/usr/lib/python2.7/SocketServer.py", line 408, in __init__
    self.server_bind()
  File "/usr/lib/python2.7/BaseHTTPServer.py", line 108, in server_bind
    SocketServer.TCPServer.server_bind(self)
  File "/usr/lib/python2.7/SocketServer.py", line 419, in server_bind
    self.socket.bind(self.server_address)
  File "/usr/lib/python2.7/socket.py", line 224, in meth
    return getattr(self._sock,name)(*args)
socket.error: [Errno 13] Permission denied
Serving HTTP on 0.0.0.0 port 90 ...
Traceback (most recent call last):
  File "/usr/lib/python2.7/runpy.py", line 162, in _run_module_as_main
    "__main__", fname, loader, pkg_name)
  File "/usr/lib/python2.7/runpy.py", line 72, in _run_code
    exec code in run_globals
  File "/usr/lib/python2.7/SimpleHTTPServer.py", line 220, in <module>
    test()
  File "/usr/lib/python2.7/SimpleHTTPServer.py", line 216, in test
    BaseHTTPServer.test(HandlerClass, ServerClass)
  File "/usr/lib/python2.7/BaseHTTPServer.py", line 599, in test
    httpd.serve_forever()
  File "/usr/lib/python2.7/SocketServer.py", line 225, in serve_forever
    r, w, e = select.select([self], [], [], poll_interval)
KeyboardInterrupt
